2026-02-17 18:43:51 INFO  TC_001_Login:23 - From setup file
2026-02-17 18:44:01 INFO  TC_001_Login:14 - Starting of TC_001_Login
2026-02-17 18:44:04 INFO  TC_001_Login:19 - Entered uname
2026-02-17 18:44:04 INFO  TC_001_Login:21 - Entered credential
2026-02-17 18:44:06 INFO  TC_001_Login:23 - Clicked on login button
2026-02-17 18:44:09 INFO  TC_001_Login:26 - Clicked Logged in
2026-02-17 18:44:09 INFO  TC_001_Login:27 - Ending of TC_001_Login
2026-02-17 18:44:09 INFO  TC_001_Login:35 - Clen up down
2026-02-17 18:51:00 INFO  TC_001_Login:31 - From setup file
2026-02-17 18:51:04 INFO  TC_001_Login:14 - Starting of TC_001_Login
2026-02-17 18:51:06 INFO  TC_001_Login:19 - Entered uname
2026-02-17 18:51:06 INFO  TC_001_Login:21 - Entered credential
2026-02-17 18:51:08 INFO  TC_001_Login:23 - Clicked on login button
2026-02-17 18:51:08 INFO  TC_001_Login:26 - Clicked Logged in
2026-02-17 18:51:08 INFO  TC_001_Login:27 - Ending of TC_001_Login
2026-02-17 18:51:08 INFO  TC_001_Login:44 - Clen up down
2026-02-17 18:55:18 INFO  TC_001_Login:45 - From setup file
2026-02-17 18:55:21 INFO  TC_001_Login:14 - Starting of TC_001_Login
2026-02-17 18:55:23 INFO  TC_001_Login:19 - Entered uname
2026-02-17 18:55:24 INFO  TC_001_Login:21 - Entered credential
2026-02-17 18:55:26 INFO  TC_001_Login:23 - Clicked on login button
2026-02-17 18:55:28 INFO  TC_001_Login:26 - Clicked Logged in
2026-02-17 18:55:28 INFO  TC_001_Login:27 - Ending of TC_001_Login
2026-02-17 18:55:28 INFO  TC_001_Login:58 - Clen up down
2026-02-17 18:57:42 INFO  TC_001_Login:45 - From setup file
2026-02-17 18:57:44 INFO  TC_001_Login:14 - Starting of TC_001_Login
2026-02-17 18:57:46 INFO  TC_001_Login:19 - Entered uname
2026-02-17 18:57:46 INFO  TC_001_Login:21 - Entered credential
2026-02-17 18:57:48 INFO  TC_001_Login:23 - Clicked on login button
2026-02-17 18:57:50 INFO  TC_001_Login:26 - Clicked Logged in
2026-02-17 18:57:50 INFO  TC_001_Login:27 - Ending of TC_001_Login
2026-02-17 18:57:50 INFO  TC_001_Login:58 - Clen up down
2026-02-17 18:59:38 INFO  TC_001_Login:45 - From setup file
2026-02-17 18:59:39 INFO  TC_001_Login:14 - Starting of TC_001_Login
2026-02-17 18:59:41 INFO  TC_001_Login:19 - Entered uname
2026-02-17 18:59:41 INFO  TC_001_Login:21 - Entered credential
2026-02-17 18:59:43 INFO  TC_001_Login:23 - Clicked on login button
2026-02-17 18:59:43 INFO  TC_001_Login:26 - Clicked Logged in
2026-02-17 18:59:43 INFO  TC_001_Login:27 - Ending of TC_001_Login
2026-02-17 18:59:43 INFO  TC_001_Login:58 - Clen up down
2026-02-17 18:59:49 INFO  TC_001_Login:45 - From setup file
2026-02-17 18:59:52 INFO  TC_001_Login:14 - Starting of TC_001_Login
2026-02-17 18:59:54 INFO  TC_001_Login:19 - Entered uname
2026-02-17 18:59:54 INFO  TC_001_Login:21 - Entered credential
2026-02-17 18:59:56 INFO  TC_001_Login:23 - Clicked on login button
2026-02-17 18:59:57 INFO  TC_001_Login:26 - Clicked Logged in
2026-02-17 18:59:57 INFO  TC_001_Login:27 - Ending of TC_001_Login
2026-02-17 18:59:57 INFO  TC_001_Login:58 - Clen up down
2026-02-17 19:00:10 INFO  TC_001_Login:45 - From setup file
2026-02-17 19:00:11 INFO  TC_001_Login:14 - Starting of TC_001_Login
2026-02-17 19:00:13 INFO  TC_001_Login:19 - Entered uname
2026-02-17 19:00:13 INFO  TC_001_Login:21 - Entered credential
2026-02-17 19:00:15 INFO  TC_001_Login:23 - Clicked on login button
2026-02-17 19:00:16 INFO  TC_001_Login:26 - Clicked Logged in
2026-02-17 19:00:16 INFO  TC_001_Login:27 - Ending of TC_001_Login
2026-02-17 19:00:16 INFO  TC_001_Login:58 - Clen up down
2026-02-17 19:00:28 INFO  TC_001_Login:45 - From setup file
2026-02-17 19:00:28 INFO  TC_001_Login:45 - From setup file
2026-02-17 19:00:30 INFO  TC_001_Login:14 - Starting of TC_001_Login
2026-02-17 19:00:30 INFO  TC_001_Login:14 - Starting of TC_001_Login
2026-02-17 19:00:32 INFO  TC_001_Login:19 - Entered uname
2026-02-17 19:00:32 INFO  TC_001_Login:19 - Entered uname
2026-02-17 19:00:32 INFO  TC_001_Login:21 - Entered credential
2026-02-17 19:00:32 INFO  TC_001_Login:21 - Entered credential
2026-02-17 19:00:33 INFO  TC_001_Login:45 - From setup file
2026-02-17 19:00:34 INFO  TC_001_Login:23 - Clicked on login button
2026-02-17 19:00:34 INFO  TC_001_Login:23 - Clicked on login button
2026-02-17 19:00:35 INFO  TC_001_Login:14 - Starting of TC_001_Login
2026-02-17 19:00:36 INFO  TC_001_Login:26 - Clicked Logged in
2026-02-17 19:00:36 INFO  TC_001_Login:27 - Ending of TC_001_Login
2026-02-17 19:00:36 INFO  TC_001_Login:58 - Clen up down
2026-02-17 19:00:36 INFO  TC_001_Login:26 - Clicked Logged in
2026-02-17 19:00:36 INFO  TC_001_Login:27 - Ending of TC_001_Login
2026-02-17 19:00:36 INFO  TC_001_Login:58 - Clen up down
2026-02-17 19:00:37 INFO  TC_001_Login:19 - Entered uname
2026-02-17 19:00:37 INFO  TC_001_Login:21 - Entered credential
2026-02-17 19:00:39 INFO  TC_001_Login:23 - Clicked on login button
2026-02-17 19:00:40 INFO  TC_001_Login:26 - Clicked Logged in
2026-02-17 19:00:40 INFO  TC_001_Login:27 - Ending of TC_001_Login
2026-02-17 19:00:40 INFO  TC_001_Login:58 - Clen up down
2026-02-17 19:27:30 INFO  TC_003_LoginDDT:45 - From setup file
2026-02-17 19:27:35 INFO  TC_003_LoginDDT:15 - Starting of TC_003_LoginDDT
2026-02-17 19:27:37 INFO  TC_003_LoginDDT:19 - Entered uname
2026-02-17 19:27:37 INFO  TC_003_LoginDDT:21 - Entered credential
2026-02-17 19:27:39 INFO  TC_003_LoginDDT:23 - Clicked on login button
2026-02-17 19:27:39 INFO  TC_003_LoginDDT:27 - Ending of TC_003_LoginDDT
2026-02-17 19:27:39 INFO  TC_003_LoginDDT:15 - Starting of TC_003_LoginDDT
2026-02-17 19:28:22 INFO  TC_003_LoginDDT:45 - From setup file
2026-02-17 19:28:24 INFO  TC_003_LoginDDT:15 - Starting of TC_003_LoginDDT
2026-02-17 19:28:26 INFO  TC_003_LoginDDT:19 - Entered uname
2026-02-17 19:28:26 INFO  TC_003_LoginDDT:21 - Entered credential
2026-02-17 19:28:28 INFO  TC_003_LoginDDT:23 - Clicked on login button
2026-02-17 19:28:28 INFO  TC_003_LoginDDT:27 - Ending of TC_003_LoginDDT
2026-02-17 19:28:28 INFO  TC_003_LoginDDT:58 - Clen up down
